22-Oct-2025 11:52:36 - INFO    :: mylar.backup_files.380 : MainThread : Attempting to backup config.ini...
22-Oct-2025 11:52:36 - WARNING :: mylar.backup_files.422 : MainThread : [[Errno 2] No such file or directory: '/home/rmleonard/projects/Home Projects/comics-lab/mylar3-test/config.ini'] Unable to make proper backup of config.ini in /home/rmleonard/projects/Home Projects/comics-lab/mylar3-test/config.ini
22-Oct-2025 11:52:36 - INFO    :: mylar.config_update.699 : MainThread : Updating Configuration from 0 to 14
22-Oct-2025 11:52:36 - INFO    :: mylar.config_update.701 : MainThread : Checking for existing torznab configuration...
22-Oct-2025 11:52:36 - INFO    :: mylar.config_update.708 : MainThread : No existing torznab configuration found. Just removing old config references at this point..
22-Oct-2025 11:52:36 - INFO    :: mylar.config_update.715 : MainThread : Successfully removed outdated config entries.
22-Oct-2025 11:52:36 - INFO    :: mylar.config_update.888 : MainThread : Configuration upgraded to version 14
22-Oct-2025 11:52:36 - DEBUG   :: mylar.writeconfig.1041 : MainThread : Writing configuration to file
22-Oct-2025 11:52:36 - DEBUG   :: mylar.writeconfig.1075 : MainThread : Configuration written to disk.
22-Oct-2025 11:52:36 - DEBUG   :: mylar.configure.1184 : MainThread : Log dir: /home/rmleonard/projects/Home Projects/comics-lab/mylar3-test/logs
22-Oct-2025 11:52:36 - DEBUG   :: mylar.configure.1203 : MainThread : [Cache Check] Cache directory not found in configuration. Defaulting location to : /home/rmleonard/projects/Home Projects/comics-lab/mylar3-test/cache
22-Oct-2025 11:52:36 - DEBUG   :: mylar.configure.1254 : MainThread : [Cache Cleanup] Cache Cleanup initiated. Will delete items from cache that are no longer needed.
22-Oct-2025 11:52:36 - DEBUG   :: mylar.configure.1292 : MainThread : [Cache Cleanup] Cache Cleanup finished. Nothing to clean!
22-Oct-2025 11:52:36 - ERROR   :: mylar.configure.1315 : MainThread : No User Comicvine API key specified. I will not work very well due to api limits - http://api.comicvine.com/ and get your own free key.
22-Oct-2025 11:52:36 - INFO    :: mylar.configure.1368 : MainThread : Ignored Publishers: []
22-Oct-2025 11:52:36 - INFO    :: mylar.configure.1395 : MainThread : [MASS_PUBLISHERS] Auto-add for weekly publishers set to: []
22-Oct-2025 11:52:36 - DEBUG   :: mylar.configure.1407 : MainThread : [IGNORE_SEARCH_WORDS] Words to flag search result as invalid: ['.exe', '.iso', 'pdf-xpost', 'pdf', 'ebook']
22-Oct-2025 11:52:36 - INFO    :: mylar.configure.1419 : MainThread : [PROBLEM_DATES] Problem dates loaded: ['2021-07-14 04:00:34']
22-Oct-2025 11:52:36 - INFO    :: mylar.configure.1433 : MainThread : [COMICTAGGER] Version detected: 1.3.5
22-Oct-2025 11:52:36 - DEBUG   :: mylar.configure.1471 : MainThread : [COMICTAGGER] Setting ComicTagger settings default path to : /home/rmleonard/.ComicTagger
22-Oct-2025 11:52:36 - INFO    :: mylar.configure.1571 : MainThread : [DDL PRIORITY ORDER] DDL will attempt to use the following 3rd party sites in this specific download order: ['mega', 'mediafire', 'pixeldrain', 'main']
22-Oct-2025 11:52:36 - INFO    :: mylar.configure.1580 : MainThread : [Search Tier Cutoff] Setting Tier-1 cutoff point to 14 days
22-Oct-2025 11:52:36 - DEBUG   :: mylar.writeconfig.1041 : MainThread : Writing configuration to file
22-Oct-2025 11:52:36 - DEBUG   :: mylar.writeconfig.1075 : MainThread : Configuration written to disk.
22-Oct-2025 11:52:36 - INFO    :: mylar.initialize.265 : MainThread : Checking to see if the database has all tables....
22-Oct-2025 11:52:36 - WARNING :: mylar.dbcheck.803 : MainThread : Unable to update readinglist table to new storyarc table format.
22-Oct-2025 11:52:36 - INFO    :: mylar.dbcheck.1590 : MainThread : Ensuring DB integrity - Removing all Erroneous Comics (ie. named None)
22-Oct-2025 11:52:36 - INFO    :: mylar.dbcheck.1600 : MainThread : Correcting Null entries that make the main page break on startup.
22-Oct-2025 11:52:36 - INFO    :: mylar.dbcheck.1611 : MainThread : [<class 'str'>]oldconfig_version: 0
22-Oct-2025 11:52:36 - INFO    :: mylar.dbcheck.1614 : MainThread : now updating table data to ensure DDL is properly populated with correct data.
22-Oct-2025 11:52:36 - INFO    :: mylar.dbcheck.1624 : MainThread : Updating db to include some important changes.
22-Oct-2025 11:52:36 - INFO    :: mylar.upgrade_dynamic.1401 : MainThread : Finished updating 0 / 0 entries within the db.
22-Oct-2025 11:52:36 - DEBUG   :: mylar.writeconfig.1041 : MainThread : Writing configuration to file
22-Oct-2025 11:52:36 - DEBUG   :: mylar.provider_sequence.1922 : MainThread : creating provider sequence order now...
22-Oct-2025 11:52:36 - DEBUG   :: mylar.provider_sequence.1940 : MainThread : Provider Order is now set : {} 
22-Oct-2025 11:52:36 - DEBUG   :: mylar.writeconfig.1075 : MainThread : Configuration written to disk.
22-Oct-2025 11:52:36 - DEBUG   :: mylar.provider_sequence.1855 : MainThread : Original provider_order sequence: {}
22-Oct-2025 11:52:36 - DEBUG   :: mylar.provider_sequence.1858 : MainThread : Provider sequence already pre-exists. Re-loading and adding/remove any new entries
22-Oct-2025 11:52:36 - DEBUG   :: mylar.provider_sequence.1940 : MainThread : Provider Order is now set : {} 
22-Oct-2025 11:52:36 - INFO    :: mylar.check_failed_update.172 : MainThread : checked is None
22-Oct-2025 11:52:36 - DEBUG   :: mylar.db_version_check.88 : MainThread : [DB_VERSION_CHECK] Database version is v0
22-Oct-2025 11:52:36 - INFO    :: mylar.db_update_check.145 : MainThread : Updating database to v1 as no data is present to update
22-Oct-2025 11:52:36 - INFO    :: mylar.initialize.297 : MainThread : Successfully discovered local IP and locking it in as : 134.71.202.15
22-Oct-2025 11:52:36 - DEBUG   :: mylar.initialize.309 : MainThread : Logger set to use : Rotational Log Handler (default)
22-Oct-2025 11:52:36 - INFO    :: mylar.initialize.338 : MainThread : [DDL] External server configuration available to be loaded: False
22-Oct-2025 11:52:36 - DEBUG   :: mylar.initialize.355 : MainThread : SEARCH_TIER_DATE set to : 2025-10-08
22-Oct-2025 11:52:36 - INFO    :: mylar.initialize.382 : MainThread : [IMPRINT_LOADS] No data for publisher imprints locally. Retrieving up-to-date listing
22-Oct-2025 11:52:37 - DEBUG   :: mylar.initialize.393 : MainThread : Successfully written imprints.json file to /home/rmleonard/projects/Home Projects/comics-lab/mylar3-test/cache/imprints.json
22-Oct-2025 11:52:37 - INFO    :: mylar.initialize.404 : MainThread : [IMPRINT_LOADS] Successfully loaded imprints for 6 publishers
22-Oct-2025 11:52:37 - INFO    :: mylar.initialize.406 : MainThread : Remapping the sorting to allow for new additions.
22-Oct-2025 11:52:37 - INFO    :: mylar.ComicSort.785 : MainThread : Sucessfully ordered -1 series in your watchlist.
22-Oct-2025 11:52:37 - INFO    :: mylar.validateAndCreateDirectory.1895 : MainThread : [DIRECTORY-CHECK] Found DATA directory: /home/rmleonard/projects/Home Projects/comics-lab/mylar3-test
22-Oct-2025 11:52:37 - INFO    :: mylar.initialize.73 : MAIN : Starting Mylar on http://0.0.0.0:8090/
22-Oct-2025 11:52:37 - DEBUG   :: mylar.runGit.59 : MAIN : Trying to execute: git describe --exact-match --tags 2> /dev/null && git rev-parse HEAD --abbrev-ref HEAD with shell in /home/rmleonard/projects/Home Projects/comics-lab/mylar3-test
22-Oct-2025 11:52:37 - DEBUG   :: mylar.runGit.61 : MAIN : Git output: CompletedProcess(args='git describe --exact-match --tags 2> /dev/null && git rev-parse HEAD --abbrev-ref HEAD', returncode=128, stdout='', stderr='')
22-Oct-2025 11:52:37 - DEBUG   :: mylar.runGit.59 : MAIN : Trying to execute: git describe --exact-match --tags 2> /dev/null || git rev-parse HEAD --abbrev-ref HEAD with shell in /home/rmleonard/projects/Home Projects/comics-lab/mylar3-test
22-Oct-2025 11:52:37 - DEBUG   :: mylar.runGit.61 : MAIN : Git output: CompletedProcess(args='git describe --exact-match --tags 2> /dev/null || git rev-parse HEAD --abbrev-ref HEAD', returncode=0, stdout='25a2c4900bc8cbeb780ac10478f330425eac164c\nfeat/comic-file-organizer\n', stderr='')
22-Oct-2025 11:52:37 - INFO    :: mylar.getVersion.149 : MAIN : cur_commit_hash: 25a2c4900bc8cbeb780ac10478f330425eac164c
22-Oct-2025 11:52:37 - INFO    :: mylar.getVersion.150 : MAIN : cur_branch: feat/comic-file-organizer
22-Oct-2025 11:52:37 - DEBUG   :: mylar.runGit.59 : MAIN : Trying to execute: git branch --contains 25a2c4900bc8cbeb780ac10478f330425eac164c with shell in /home/rmleonard/projects/Home Projects/comics-lab/mylar3-test
22-Oct-2025 11:52:37 - DEBUG   :: mylar.runGit.61 : MAIN : Git output: CompletedProcess(args='git branch --contains 25a2c4900bc8cbeb780ac10478f330425eac164c', returncode=0, stdout='* feat/comic-file-organizer\n', stderr='')
22-Oct-2025 11:52:37 - INFO    :: mylar.getVersion.180 : MAIN : Branch detected & set to : feat/comic-file-organizer
22-Oct-2025 11:52:37 - DEBUG   :: mylar.versionload.439 : MAIN : version_info: {'current_version': '25a2c4900bc8cbeb780ac10478f330425eac164c', 'current_version_name': None, 'branch': 'feat/comic-file-organizer', 'current_release_name': None}
22-Oct-2025 11:52:37 - INFO    :: mylar.versionload.469 : MAIN : Version information: feat/comic-file-organizer [25a2c4900bc8cbeb780ac10478f330425eac164c]
22-Oct-2025 11:52:37 - DEBUG   :: mylar.pip_load.167 : MAIN : Python Version: Python 3.12.3
22-Oct-2025 11:52:37 - DEBUG   :: mylar.pip_load.168 : MAIN : Python executable location: /home/rmleonard/projects/Home Projects/comics-lab/mylar3-test/.venv/bin/python3
22-Oct-2025 11:52:37 - DEBUG   :: mylar.check_the_pip.120 : MAIN : [APScheduler] REQUIRED: 3.6.3 ---> INSTALLED: 3.11.0 [OK]
22-Oct-2025 11:52:37 - DEBUG   :: mylar.check_the_pip.120 : MAIN : [beautifulsoup4] REQUIRED: 4.8.2 ---> INSTALLED: 4.14.2 [OK]
22-Oct-2025 11:52:37 - DEBUG   :: mylar.check_the_pip.120 : MAIN : [cfscrape] REQUIRED: 2.0.8 ---> INSTALLED: 2.1.1 [OK]
22-Oct-2025 11:52:37 - DEBUG   :: mylar.check_the_pip.120 : MAIN : [cheroot] REQUIRED: 8.2.1 ---> INSTALLED: 11.0.0 [OK]
22-Oct-2025 11:52:37 - DEBUG   :: mylar.check_the_pip.120 : MAIN : [CherryPy] REQUIRED: 18.5.0 ---> INSTALLED: 18.10.0 [OK]
22-Oct-2025 11:52:37 - DEBUG   :: mylar.check_the_pip.120 : MAIN : [configparser] REQUIRED: 4.0.2 ---> INSTALLED: 7.2.0 [OK]
22-Oct-2025 11:52:37 - DEBUG   :: mylar.check_the_pip.120 : MAIN : [feedparser] REQUIRED: 5.2.1 ---> INSTALLED: 6.0.12 [OK]
22-Oct-2025 11:52:37 - DEBUG   :: mylar.check_the_pip.120 : MAIN : [Mako] REQUIRED: 1.1.0 ---> INSTALLED: 1.3.10 [OK]
22-Oct-2025 11:52:37 - DEBUG   :: mylar.check_the_pip.120 : MAIN : [natsort] REQUIRED: 3.5.2 ---> INSTALLED: 8.4.0 [OK]
22-Oct-2025 11:52:37 - DEBUG   :: mylar.check_the_pip.120 : MAIN : [packaging] REQUIRED: 22.0 ---> INSTALLED: 25.0 [OK]
22-Oct-2025 11:52:37 - DEBUG   :: mylar.check_the_pip.120 : MAIN : [Pillow] REQUIRED: 10.1 ---> INSTALLED: 12.0.0 [OK]
22-Oct-2025 11:52:37 - DEBUG   :: mylar.check_the_pip.120 : MAIN : [portend] REQUIRED: 2.6 ---> INSTALLED: 3.2.1 [OK]
22-Oct-2025 11:52:37 - DEBUG   :: mylar.check_the_pip.120 : MAIN : [pycryptodome] REQUIRED: 3.19.0 ---> INSTALLED: 3.23.0 [OK]
22-Oct-2025 11:52:37 - DEBUG   :: mylar.check_the_pip.120 : MAIN : [pystun] REQUIRED: 0.1.0 ---> INSTALLED: 0.1.0 [OK]
22-Oct-2025 11:52:37 - DEBUG   :: mylar.check_the_pip.120 : MAIN : [pytz] REQUIRED: 2019.3 ---> INSTALLED: 2025.2 [OK]
22-Oct-2025 11:52:37 - DEBUG   :: mylar.check_the_pip.120 : MAIN : [rarfile] REQUIRED: 4.0 ---> INSTALLED: 4.2 [OK]
22-Oct-2025 11:52:37 - DEBUG   :: mylar.check_the_pip.120 : MAIN : [requests] REQUIRED: 2.22 ---> INSTALLED: 2.32.5 [OK]
22-Oct-2025 11:52:37 - DEBUG   :: mylar.check_the_pip.120 : MAIN : [PySocks] REQUIRED: 1.5 ---> INSTALLED: 1.7.1 [OK]
22-Oct-2025 11:52:37 - DEBUG   :: mylar.check_the_pip.120 : MAIN : [simplejson] REQUIRED: 3.17.0 ---> INSTALLED: 3.20.2 [OK]
22-Oct-2025 11:52:37 - DEBUG   :: mylar.check_the_pip.120 : MAIN : [six] REQUIRED: 1.13.0 ---> INSTALLED: 1.17.0 [OK]
22-Oct-2025 11:52:37 - DEBUG   :: mylar.check_the_pip.120 : MAIN : [tenacity] REQUIRED: 8.2.3 ---> INSTALLED: 9.1.2 [OK]
22-Oct-2025 11:52:37 - DEBUG   :: mylar.check_the_pip.120 : MAIN : [tzlocal] REQUIRED: 2.0.0 ---> INSTALLED: 5.3.1 [OK]
22-Oct-2025 11:52:37 - DEBUG   :: mylar.check_the_pip.120 : MAIN : [user_agent2] REQUIRED: 2021.12.11 ---> INSTALLED: 2021.12.11 [OK]
22-Oct-2025 11:52:37 - DEBUG   :: mylar.find_the_unrar.215 : MAIN : Trying to execute: unrar
22-Oct-2025 11:52:37 - INFO    :: mylar.release_messages.276 : MAIN : release_messages: None
22-Oct-2025 11:52:37 - DEBUG   :: mylar.start.553 : MAIN : [DB UPDATER] Scheduling next run @ 2025-10-24 11:52:37 (every 1440 minutes)
22-Oct-2025 11:52:37 - DEBUG   :: mylar.start.574 : MAIN : [AUTO-SEARCH] Scheduling next run @ 2025-10-24 11:52:37 (every 1440 minutes)
22-Oct-2025 11:52:37 - INFO    :: mylar.start.682 : MAIN : [SEARCH-QUEUE] Attempting to background load the search queue....
22-Oct-2025 11:52:37 - INFO    :: mylar.start.686 : MAIN : [SEARCH-QUEUE] Successfully started the Search Queuer...
22-Oct-2025 11:52:37 - INFO    :: mylar.start.682 : MAIN : [POST-PROCESS-QUEUE] Post Process queue enabled & monitoring for api requests....
22-Oct-2025 11:52:37 - INFO    :: mylar.start.686 : MAIN : [POST-PROCESS-QUEUE] Succesfully started Post-Processing Queuer....
22-Oct-2025 11:52:37 - INFO    :: mylar.start.601 : MAIN : [WEEKLY] Checking for existance of Weekly Comic listing...
22-Oct-2025 11:52:37 - INFO    :: mylar.start.621 : MAIN : [WEEKLY] Weekly Pull-Update initializing immediately as it has been 4.0 hours since the last run
22-Oct-2025 11:52:37 - ERROR   :: mylar.start.657 : MAIN : [FOLDER MONITOR] You need to specify a location in order to use the Folder Monitor. Disabling Folder Monitor
22-Oct-2025 11:52:37 - INFO    :: mylar.start.660 : MAIN : Firing up the Background Schedulers now....
22-Oct-2025 11:52:37 - INFO    :: mylar.start.665 : MAIN : Background Schedulers successfully started...
22-Oct-2025 11:52:37 - INFO    :: mylar.run.27 : ThreadPoolExecutor-0_0 : [WEEKLY] Checking Weekly Pull-list for new releases/updates
22-Oct-2025 11:52:37 - DEBUG   :: mylar.job_management.4205 : ThreadPoolExecutor-0_0 : Job update for {'JobName': 'Weekly Pullist'}: {'prev_run_timestamp': 1761159157.6003885, 'prev_run_datetime': datetime.datetime(2025, 10, 22, 18, 52, 37), 'status': 'Running'}
22-Oct-2025 11:52:37 - INFO    :: mylar.pullit.43 : ThreadPoolExecutor-0_0 : Weekly pull list present - checking if it's up-to-date..
22-Oct-2025 11:52:37 - INFO    :: mylar.pullit.72 : ThreadPoolExecutor-0_0 : [PULL-LIST] Populating & Loading pull-list data directly from alternate website
22-Oct-2025 11:52:37 - INFO    :: mylar.pullit.98 : ThreadPoolExecutor-0_0 : [PULL-LIST] Populating & Loading pull-list data directly from alternate website for specific week of 42, 2025
22-Oct-2025 11:52:38 - INFO    :: mylar.locg.79 : ThreadPoolExecutor-0_0 : [WEEKLY-PULL] There are 132 issues for week 42, 2025
22-Oct-2025 11:52:38 - INFO    :: mylar.locg.114 : ThreadPoolExecutor-0_0 : Re-creating pullist to ensure everything's fresh.
22-Oct-2025 11:52:39 - INFO    :: mylar.locg.149 : ThreadPoolExecutor-0_0 : [PULL-LIST] Successfully populated pull-list into Mylar for week 42 of 2025
22-Oct-2025 11:52:39 - DEBUG   :: mylar.writeconfig.1041 : ThreadPoolExecutor-0_0 : Writing configuration to file
22-Oct-2025 11:52:39 - DEBUG   :: mylar.provider_sequence.1855 : ThreadPoolExecutor-0_0 : Original provider_order sequence: {}
22-Oct-2025 11:52:39 - DEBUG   :: mylar.provider_sequence.1858 : ThreadPoolExecutor-0_0 : Provider sequence already pre-exists. Re-loading and adding/remove any new entries
22-Oct-2025 11:52:39 - DEBUG   :: mylar.provider_sequence.1940 : ThreadPoolExecutor-0_0 : Provider Order is now set : {} 
22-Oct-2025 11:52:39 - DEBUG   :: mylar.writeconfig.1075 : ThreadPoolExecutor-0_0 : Configuration written to disk.
22-Oct-2025 11:52:39 - INFO    :: mylar.pullit.106 : ThreadPoolExecutor-0_0 : [PULL-LIST] Weekly Pull List successfully loaded with 132 issues.
22-Oct-2025 11:52:41 - INFO    :: mylar.pullit.98 : ThreadPoolExecutor-0_0 : [PULL-LIST] Populating & Loading pull-list data directly from alternate website for specific week of 43, 2025
22-Oct-2025 11:52:42 - INFO    :: mylar.locg.79 : ThreadPoolExecutor-0_0 : [WEEKLY-PULL] There are 124 issues for week 43, 2025
22-Oct-2025 11:52:42 - INFO    :: mylar.locg.114 : ThreadPoolExecutor-0_0 : Re-creating pullist to ensure everything's fresh.
22-Oct-2025 11:52:43 - INFO    :: mylar.locg.149 : ThreadPoolExecutor-0_0 : [PULL-LIST] Successfully populated pull-list into Mylar for week 43 of 2025
22-Oct-2025 11:52:43 - DEBUG   :: mylar.writeconfig.1041 : ThreadPoolExecutor-0_0 : Writing configuration to file
22-Oct-2025 11:52:43 - DEBUG   :: mylar.provider_sequence.1855 : ThreadPoolExecutor-0_0 : Original provider_order sequence: {}
22-Oct-2025 11:52:43 - DEBUG   :: mylar.provider_sequence.1858 : ThreadPoolExecutor-0_0 : Provider sequence already pre-exists. Re-loading and adding/remove any new entries
22-Oct-2025 11:52:43 - DEBUG   :: mylar.provider_sequence.1940 : ThreadPoolExecutor-0_0 : Provider Order is now set : {} 
22-Oct-2025 11:52:43 - DEBUG   :: mylar.writeconfig.1075 : ThreadPoolExecutor-0_0 : Configuration written to disk.
22-Oct-2025 11:52:43 - INFO    :: mylar.pullit.106 : ThreadPoolExecutor-0_0 : [PULL-LIST] Weekly Pull List successfully loaded with 124 issues.
22-Oct-2025 11:52:43 - DEBUG   :: mylar.future_check.1645 : ThreadPoolExecutor-0_0 : cflist: []
22-Oct-2025 11:52:43 - INFO    :: mylar.future_check.1648 : ThreadPoolExecutor-0_0 : No series have been marked as being on auto-watch.
22-Oct-2025 11:52:43 - DEBUG   :: mylar.job_management.4194 : ThreadPoolExecutor-0_0 : ReScheduled job: Weekly Pullist to 2025-10-22 15:52:43
22-Oct-2025 11:52:43 - DEBUG   :: mylar.job_management.4205 : ThreadPoolExecutor-0_0 : Job update for {'JobName': 'Weekly Pullist'}: {'prev_run_timestamp': 1761159163.8304808, 'prev_run_datetime': datetime.datetime(2025, 10, 22, 18, 52, 43), 'last_run_completed': 'True', 'next_run_timestamp': 1761173563.8307374, 'next_run_datetime': datetime.datetime(2025, 10, 22, 22, 52, 43), 'status': 'Waiting'}
22-Oct-2025 11:54:02 - DEBUG   :: mylar.runGit.59 : CP Server Thread-4 : Trying to execute: git log --encoding=UTF-8 --pretty=format:"%h - %cr - %an - %s" -n 5 with shell in /home/rmleonard/projects/Home Projects/comics-lab/mylar3-test
22-Oct-2025 11:54:02 - DEBUG   :: mylar.runGit.61 : CP Server Thread-4 : Git output: CompletedProcess(args='git log --encoding=UTF-8 --pretty=format:"%h - %cr - %an - %s" -n 5', returncode=0, stdout="25a2c490 - 2 hours ago - rmleonard - Add comic_file_organizer: vendor import of DFA + ComicVine cache and tests\ncdc94a44 - 10 weeks ago - evilhero - Merge branch 'python3-dev' IMP: Adding button to allow tagging of selected issues in series IMP: Added ability to force queue a subset of Wanted issues IMP: Changed the default search time from 360 minutes to 1440 minutes. (@Diesel) IMP: Clarify search interval config naming IMP: CRC checks on downloads and manual post-processing IMP: Shift select for tables with checkboxes IMP: New import screen for CBL reading lists IMP: Added status_code to log entries for getcomics searches IMP: Log warning on failure code from GetComics search (CloudFlare returns 403). FIX: Post processor check for issue number within range not working for out-of-order release dates (#1622) FIX: Lowering starting check for issue numbers to accommodate series that only have negative issue numbering FIX: One-Shots with negative numbering were not picked up by post processing FIX: This Week's Upcoming section would not display upcoming issues for the week (#1626) FIX: Change download queue for selected items to be-non manual to respect downloaded skip check, and fixed a couple of existing checks on queue build. FIX: Fixing shortcomings of the mattermost notifications (@Nebelherr23) FIX: NZBGET would throw an invalid port error on testing/sending due to a previous related PR FIX: SAB downloads would get stuck due to Direct Unpacking sticky status until completion FIX: Tweaked search delay check to no longer give misleading warning on manually triggered searches FIX: Warning text when the user sets a check_folder that is a parent or equal to either the comic location path or the sab download path. FIX: More stuck SAB downloads due to PP statuses FIX: Typo in key FIX: Character getting dropped from RSS feed download link when is a API type feed (i.e. no r/i params). FIX: Check for api type rss feed url construction not working so never works for those types (e.g. althub) Fix: Added check for SAB returning empty storage path for NZO. FIX: Exception on single issue metatag or search submit using bulk functions. Label resets. (The vast majority of these PR's were courtesy of @falo2k - much thanks as always)\n45063886 - 10 weeks ago - falo2k - Log warning on failure code from GetComics search (CloudFlare returns 403).\n2941dd59 - 10 weeks ago - falo2k - Added status_code to log entries for getcomics searches\n13d7b39c - 10 weeks ago - falo2k - FIX: Exception on single issue metatag or search submit using bulk functions.  Label resets.", stderr='')
22-Oct-2025 11:54:02 - DEBUG   :: mylar.writeconfig.1041 : CP Server Thread-9 : Writing configuration to file
22-Oct-2025 11:54:02 - DEBUG   :: mylar.provider_sequence.1855 : CP Server Thread-9 : Original provider_order sequence: {}
22-Oct-2025 11:54:02 - DEBUG   :: mylar.provider_sequence.1858 : CP Server Thread-9 : Provider sequence already pre-exists. Re-loading and adding/remove any new entries
22-Oct-2025 11:54:02 - DEBUG   :: mylar.provider_sequence.1940 : CP Server Thread-9 : Provider Order is now set : {} 
22-Oct-2025 11:54:02 - DEBUG   :: mylar.writeconfig.1075 : CP Server Thread-9 : Configuration written to disk.
22-Oct-2025 11:54:26 - INFO    :: mylar.main.580 : MAIN : Received signal: shutdown
22-Oct-2025 11:54:29 - INFO    :: mylar.halt.1639 : MAIN : Shutting down the background schedulers...
22-Oct-2025 11:54:29 - DEBUG   :: mylar.shutdown.695 : MAIN : Terminating the search queue thread
22-Oct-2025 11:54:32 - INFO    :: mylar.search_queue.3500 : SEARCH-QUEUE : [SEARCH-QUEUE] Cleaning up workers for shutdown
22-Oct-2025 11:54:32 - DEBUG   :: mylar.shutdown.699 : MAIN : Joined pool for termination -  successful
22-Oct-2025 11:54:32 - DEBUG   :: mylar.shutdown.695 : MAIN : Terminating the post-processing queue thread
22-Oct-2025 11:54:37 - INFO    :: mylar.postprocess_main.3467 : POST-PROCESS-QUEUE : Now loading from post-processing queue: exit
22-Oct-2025 11:54:37 - INFO    :: mylar.postprocess_main.3469 : POST-PROCESS-QUEUE : Cleaning up workers for shutdown
22-Oct-2025 11:54:37 - DEBUG   :: mylar.shutdown.699 : MAIN : Joined pool for termination -  successful
22-Oct-2025 11:54:37 - INFO    :: mylar.shutdown.1666 : MAIN : Mylar is shutting down...
